<?xml version="1.0" encoding="UTF-8"?>
<testsuite name="be.ehb.multec.werkstukDecorator.WerkstukUnitTests" tests="1" skipped="0" failures="0" errors="0" timestamp="2021-05-17T19:26:24" hostname="DESKTOP-MOM165J" time="0.012">
  <properties/>
  <testcase name="trimPicker()" classname="be.ehb.multec.werkstukDecorator.WerkstukUnitTests" time="0.012"/>
  <system-out><![CDATA[Base car setup, upgrade package 1 added., upgrade package 2 added.
]]></system-out>
  <system-err><![CDATA[]]></system-err>
</testsuite>
